<?xml version="1.0" encoding="UTF-8"?>
<testng-results skipped="0" failed="0" ignored="0" total="1" passed="1">
  <reporter-output>
  </reporter-output>
  <suite name="Default suite" duration-ms="50053" started-at="2019-03-28T21:28:17Z" finished-at="2019-03-28T21:29:07Z">
    <groups>
    </groups>
    <test name="Default test" duration-ms="50053" started-at="2019-03-28T21:28:17Z" finished-at="2019-03-28T21:29:07Z">
      <class name="UserAutomation">
        <test-method status="PASS" signature="setUp()[pri:0, instance:UserAutomation@402a079c]" name="setUp" duration-ms="50030" started-at="2019-03-28T21:28:17Z" finished-at="2019-03-28T21:29:07Z">
          <reporter-output>
          </reporter-output>
        </test-method> <!-- setUp -->
      </class> <!-- UserAutomation -->
    </test> <!-- Default test -->
  </suite> <!-- Default suite -->
</testng-results>
